<?xml version="1.0" encoding="UTF-8"?>
<testsuite xmlns:xsi="http://www.w3.org/2001/XMLSchema-instance" xsi:noNamespaceSchemaLocation="https://maven.apache.org/surefire/maven-surefire-plugin/xsd/surefire-test-report.xsd" name="examples.ExamplesTest" time="4.232" tests="1" errors="0" skipped="0" failures="1">
  <properties>
[...]
</properties>
  <testcase name="testParallel" classname="examples.ExamplesTest" time="4.227">
    <failure message="js failed:&#10;&gt;&gt;&gt;&gt;&#10;01: zipocde&#10;&lt;&lt;&lt;&lt;&#10;org.graalvm.polyglot.PolyglotException: ReferenceError: &quot;zipocde&quot; is not defined&#10;- &lt;js&gt;.:program(Unnamed:1)&#10;&#10;classpath:examples/users/mynewOne.feature:51&#10;match failed: EQUALS&#10;  $ | not equal (STRING:STRING)&#10;  &apos;ahmad&apos;&#10;  &apos;James Bond&apos;&#10;&#10;classpath:examples/users/mynewOne.feature:76&#10;match failed: EQUALS&#10;  $ | not equal (STRING:STRING)&#10;  &apos;farhad&apos;&#10;  &apos;James Bond&apos;&#10;&#10;classpath:examples/users/mynewOne.feature:76&#10;match failed: EQUALS&#10;  $ | not equal (STRING:STRING)&#10;  &apos;ghafoori&apos;&#10;  &apos;James Bond&apos;&#10;&#10;classpath:examples/users/mynewOne.feature:76 ==&gt; expected: &lt;0&gt; but was: &lt;4&gt;" type="org.opentest4j.AssertionFailedError"><![CDATA[org.opentest4j.AssertionFailedError: 
js failed:
>>>>
01: zipocde
<<<<
org.graalvm.polyglot.PolyglotException: ReferenceError: "zipocde" is not defined
- <js>.:program(Unnamed:1)

classpath:examples/users/mynewOne.feature:51
match failed: EQUALS
  $ | not equal (STRING:STRING)
  'ahmad'
  'James Bond'

classpath:examples/users/mynewOne.feature:76
match failed: EQUALS
  $ | not equal (STRING:STRING)
  'farhad'
  'James Bond'

classpath:examples/users/mynewOne.feature:76
match failed: EQUALS
  $ | not equal (STRING:STRING)
  'ghafoori'
  'James Bond'

classpath:examples/users/mynewOne.feature:76 ==> expected: <0> but was: <4>
	at examples.ExamplesTest.testParallel(ExamplesTest.java:15)
]]></failure>
    <system-out><![CDATA[16:16:13,610 |-INFO in ch.qos.logback.classic.LoggerContext[default] - Found resource [logback-test.xml] at [file:/D:/Bootcomp/Java/work%20space%20for%20java%20projet/com.ahmad/target/test-classes/logback-test.xml]
16:16:13,685 |-INFO in ch.qos.logback.classic.joran.action.ConfigurationAction - debug attribute not set
16:16:13,686 |-INFO in ch.qos.logback.core.joran.action.AppenderAction - About to instantiate appender of type [ch.qos.logback.core.ConsoleAppender]
16:16:13,692 |-INFO in ch.qos.logback.core.joran.action.AppenderAction - Naming appender as [STDOUT]
16:16:13,696 |-INFO in ch.qos.logback.core.joran.action.NestedComplexPropertyIA - Assuming default type [ch.qos.logback.classic.encoder.PatternLayoutEncoder] for [encoder] property
16:16:13,714 |-ERROR in ch.qos.logback.core.joran.spi.Interpreter@9:17 - no applicable action for [dependencies], current ElementPath  is [[configuration][dependencies]]
16:16:13,714 |-ERROR in ch.qos.logback.core.joran.spi.Interpreter@10:15 - no applicable action for [dependency], current ElementPath  is [[configuration][dependencies][dependency]]
16:16:13,714 |-ERROR in ch.qos.logback.core.joran.spi.Interpreter@12:13 - no applicable action for [dependency], current ElementPath  is [[configuration][dependencies][dependency][dependency]]
16:16:13,714 |-ERROR in ch.qos.logback.core.joran.spi.Interpreter@13:14 - no applicable action for [groupId], current ElementPath  is [[configuration][dependencies][dependency][dependency][groupId]]
16:16:13,714 |-ERROR in ch.qos.logback.core.joran.spi.Interpreter@14:17 - no applicable action for [artifactId], current ElementPath  is [[configuration][dependencies][dependency][dependency][artifactId]]
16:16:13,714 |-ERROR in ch.qos.logback.core.joran.spi.Interpreter@15:14 - no applicable action for [version], current ElementPath  is [[configuration][dependencies][dependency][dependency][version]]
16:16:13,714 |-INFO in ch.qos.logback.core.joran.action.AppenderAction - About to instantiate appender of type [ch.qos.logback.core.FileAppender]
16:16:13,716 |-INFO in ch.qos.logback.core.joran.action.AppenderAction - Naming appender as [FILE]
16:16:13,717 |-INFO in ch.qos.logback.core.joran.action.NestedComplexPropertyIA - Assuming default type [ch.qos.logback.classic.encoder.PatternLayoutEncoder] for [encoder] property
16:16:13,717 |-INFO in ch.qos.logback.core.FileAppender[FILE] - File property is set to [target/karate.log]
16:16:13,719 |-INFO in ch.qos.logback.classic.joran.action.LoggerAction - Setting level of logger [com.intuit] to DEBUG
16:16:13,719 |-INFO in ch.qos.logback.classic.joran.action.RootLoggerAction - Setting level of ROOT logger to INFO
16:16:13,719 |-INFO in ch.qos.logback.core.joran.action.AppenderRefAction - Attaching appender named [STDOUT] to Logger[ROOT]
16:16:13,719 |-INFO in ch.qos.logback.core.joran.action.AppenderRefAction - Attaching appender named [FILE] to Logger[ROOT]
16:16:13,719 |-INFO in ch.qos.logback.classic.joran.action.ConfigurationAction - End of configuration.
16:16:13,720 |-INFO in ch.qos.logback.classic.joran.JoranConfigurator@64ec96c6 - Registering current configuration as safe fallback point

16:16:14.243 [main] DEBUG com.intuit.karate.Suite - [config] classpath:karate-config.js
16:16:14.251 [main] DEBUG com.intuit.karate.Suite - waiting for 2 features to complete
16:16:15.422 [pool-1-thread-5] INFO  com.intuit.karate - karate.env system property was: null 
16:16:15.422 [pool-1-thread-1] INFO  com.intuit.karate - karate.env system property was: null 
16:16:15.422 [pool-1-thread-3] INFO  com.intuit.karate - karate.env system property was: null 
16:16:15.422 [pool-1-thread-2] INFO  com.intuit.karate - karate.env system property was: null 
16:16:15.422 [pool-1-thread-4] INFO  com.intuit.karate - karate.env system property was: null 
16:16:15.872 [pool-1-thread-1] DEBUG com.intuit.karate - request:
1 > GET https://jsonplaceholder.typicode.com/users
1 > Host: jsonplaceholder.typicode.com
1 > Connection: Keep-Alive
1 > User-Agent: Apache-HttpClient/4.5.13 (Java/16.0.2)
1 > Accept-Encoding: gzip,deflate


16:16:15.872 [pool-1-thread-4] DEBUG com.intuit.karate - request:
1 > POST https://jsonplaceholder.typicode.com/users
1 > Content-Type: application/json; charset=UTF-8
1 > Content-Length: 154
1 > Host: jsonplaceholder.typicode.com
1 > Connection: Keep-Alive
1 > User-Agent: Apache-HttpClient/4.5.13 (Java/16.0.2)
1 > Accept-Encoding: gzip,deflate
{"name":"farhad","username":"farhad002","email":"farhad@gmail.com","address":{"street":"300east","suite":"456","city":"sacramento","zipcode":"<zipcode>"}}

16:16:15.872 [pool-1-thread-5] DEBUG com.intuit.karate - request:
1 > POST https://jsonplaceholder.typicode.com/users
1 > Content-Type: application/json; charset=UTF-8
1 > Content-Length: 159
1 > Host: jsonplaceholder.typicode.com
1 > Connection: Keep-Alive
1 > User-Agent: Apache-HttpClient/4.5.13 (Java/16.0.2)
1 > Accept-Encoding: gzip,deflate
{"name":"ghafoori","username":"ghafoori004","email":"ghafoori@gmail.com","address":{"street":"400east","suite":"321","city":"Roseville","zipcode":"<zipcode>"}}

16:16:15.872 [pool-1-thread-2] DEBUG com.intuit.karate - request:
1 > POST https://jsonplaceholder.typicode.com/users
1 > Content-Type: application/json; charset=UTF-8
1 > Content-Length: 164
1 > Host: jsonplaceholder.typicode.com
1 > Connection: Keep-Alive
1 > User-Agent: Apache-HttpClient/4.5.13 (Java/16.0.2)
1 > Accept-Encoding: gzip,deflate
{"name":"James Bond","username":"bond007","email":"jaes.bond@gmail.com","address":{"street":"001 main street","suite":"Apt. 200","city":"London","zipcode":"95691"}}

16:16:15.872 [pool-1-thread-3] DEBUG com.intuit.karate - request:
1 > POST https://jsonplaceholder.typicode.com/users
1 > Content-Type: application/json; charset=UTF-8
1 > Content-Length: 148
1 > Host: jsonplaceholder.typicode.com
1 > Connection: Keep-Alive
1 > User-Agent: Apache-HttpClient/4.5.13 (Java/16.0.2)
1 > Accept-Encoding: gzip,deflate
{"name":"ahmad","username":"ahmad001","email":"ahmad@gmail.com","address":{"street":"200west","suite":"123","city":"westSca","zipcode":"<zipcode>"}}

16:16:16.226 [pool-1-thread-1] DEBUG com.intuit.karate - response time in milliseconds: 352
1 < 200
1 < Date: Thu, 03 Mar 2022 00:16:15 GMT
1 < Content-Type: application/json; charset=utf-8
1 < Transfer-Encoding: chunked
1 < Connection: keep-alive
1 < x-powered-by: Express
1 < x-ratelimit-limit: 1000
1 < x-ratelimit-remaining: 999
1 < x-ratelimit-reset: 1642060846
1 < vary: Origin, Accept-Encoding
1 < access-control-allow-credentials: true
1 < cache-control: max-age=43200
1 < pragma: no-cache
1 < expires: -1
1 < x-content-type-options: nosniff
1 < etag: W/"160d-1eMSsxeJRfnVLRBmYJSbCiJZ1qQ"
1 < via: 1.1 vegur
1 < CF-Cache-Status: HIT
1 < Age: 28519
1 < Expect-CT: max-age=604800, report-uri="https://report-uri.cloudflare.com/cdn-cgi/beacon/expect-ct"
1 < Report-To: {"endpoints":[{"url":"https:\/\/a.nel.cloudflare.com\/report\/v3?s=vORIBS1gqOm%2F7spLdlB%2BlzuBWWWKzETodjDH16PpHkSOhjYJ%2Bv6B3ZLOTY7NOuJIO0GYaStT5KYSN%2FvM%2B2bBVWpS7KyrxaYpMF3aoUNqVhCspHrcX2tUtLvY3ZTRl%2BDQQxo%2BIQKyMoE7KnSD4ySM"}],"group":"cf-nel","max_age":604800}
1 < NEL: {"success_fraction":0,"report_to":"cf-nel","max_age":604800}
1 < Server: cloudflare
1 < CF-RAY: 6e5e2eb06a667ee7-LAX
1 < alt-svc: h3=":443"; ma=86400, h3-29=":443"; ma=86400
[
  {
    "id": 1,
    "name": "Leanne Graham",
    "username": "Bret",
    "email": "Sincere@april.biz",
    "address": {
      "street": "Kulas Light",
      "suite": "Apt. 556",
      "city": "Gwenborough",
      "zipcode": "92998-3874",
      "geo": {
        "lat": "-37.3159",
        "lng": "81.1496"
      }
    },
    "phone": "1-770-736-8031 x56442",
    "website": "hildegard.org",
    "company": {
      "name": "Romaguera-Crona",
      "catchPhrase": "Multi-layered client-server neural-net",
      "bs": "harness real-time e-markets"
    }
  },
  {
    "id": 2,
    "name": "Ervin Howell",
    "username": "Antonette",
    "email": "Shanna@melissa.tv",
    "address": {
      "street": "Victor Plains",
      "suite": "Suite 879",
      "city": "Wisokyburgh",
      "zipcode": "90566-7771",
      "geo": {
        "lat": "-43.9509",
        "lng": "-34.4618"
      }
    },
    "phone": "010-692-6593 x09125",
    "website": "anastasia.net",
    "company": {
      "name": "Deckow-Crist",
      "catchPhrase": "Proactive didactic contingency",
      "bs": "synergize scalable supply-chains"
    }
  },
  {
    "id": 3,
    "name": "Clementine Bauch",
    "username": "Samantha",
    "email": "Nathan@yesenia.net",
    "address": {
      "street": "Douglas Extension",
      "suite": "Suite 847",
      "city": "McKenziehaven",
      "zipcode": "59590-4157",
      "geo": {
        "lat": "-68.6102",
        "lng": "-47.0653"
      }
    },
    "phone": "1-463-123-4447",
    "website": "ramiro.info",
    "company": {
      "name": "Romaguera-Jacobson",
      "catchPhrase": "Face to face bifurcated interface",
      "bs": "e-enable strategic applications"
    }
  },
  {
    "id": 4,
    "name": "Patricia Lebsack",
    "username": "Karianne",
    "email": "Julianne.OConner@kory.org",
    "address": {
      "street": "Hoeger Mall",
      "suite": "Apt. 692",
      "city": "South Elvis",
      "zipcode": "53919-4257",
      "geo": {
        "lat": "29.4572",
        "lng": "-164.2990"
      }
    },
    "phone": "493-170-9623 x156",
    "website": "kale.biz",
    "company": {
      "name": "Robel-Corkery",
      "catchPhrase": "Multi-tiered zero tolerance productivity",
      "bs": "transition cutting-edge web services"
    }
  },
  {
    "id": 5,
    "name": "Chelsey Dietrich",
    "username": "Kamren",
    "email": "Lucio_Hettinger@annie.ca",
    "address": {
      "street": "Skiles Walks",
      "suite": "Suite 351",
      "city": "Roscoeview",
      "zipcode": "33263",
      "geo": {
        "lat": "-31.8129",
        "lng": "62.5342"
      }
    },
    "phone": "(254)954-1289",
    "website": "demarco.info",
    "company": {
      "name": "Keebler LLC",
      "catchPhrase": "User-centric fault-tolerant solution",
      "bs": "revolutionize end-to-end systems"
    }
  },
  {
    "id": 6,
    "name": "Mrs. Dennis Schulist",
    "username": "Leopoldo_Corkery",
    "email": "Karley_Dach@jasper.info",
    "address": {
      "street": "Norberto Crossing",
      "suite": "Apt. 950",
      "city": "South Christy",
      "zipcode": "23505-1337",
      "geo": {
        "lat": "-71.4197",
        "lng": "71.7478"
      }
    },
    "phone": "1-477-935-8478 x6430",
    "website": "ola.org",
    "company": {
      "name": "Considine-Lockman",
      "catchPhrase": "Synchronised bottom-line interface",
      "bs": "e-enable innovative applications"
    }
  },
  {
    "id": 7,
    "name": "Kurtis Weissnat",
    "username": "Elwyn.Skiles",
    "email": "Telly.Hoeger@billy.biz",
    "address": {
      "street": "Rex Trail",
      "suite": "Suite 280",
      "city": "Howemouth",
      "zipcode": "58804-1099",
      "geo": {
        "lat": "24.8918",
        "lng": "21.8984"
      }
    },
    "phone": "210.067.6132",
    "website": "elvis.io",
    "company": {
      "name": "Johns Group",
      "catchPhrase": "Configurable multimedia task-force",
      "bs": "generate enterprise e-tailers"
    }
  },
  {
    "id": 8,
    "name": "Nicholas Runolfsdottir V",
    "username": "Maxime_Nienow",
    "email": "Sherwood@rosamond.me",
    "address": {
      "street": "Ellsworth Summit",
      "suite": "Suite 729",
      "city": "Aliyaview",
      "zipcode": "45169",
      "geo": {
        "lat": "-14.3990",
        "lng": "-120.7677"
      }
    },
    "phone": "586.493.6943 x140",
    "website": "jacynthe.com",
    "company": {
      "name": "Abernathy Group",
      "catchPhrase": "Implemented secondary concept",
      "bs": "e-enable extensible e-tailers"
    }
  },
  {
    "id": 9,
    "name": "Glenna Reichert",
    "username": "Delphine",
    "email": "Chaim_McDermott@dana.io",
    "address": {
      "street": "Dayna Park",
      "suite": "Suite 449",
      "city": "Bartholomebury",
      "zipcode": "76495-3109",
      "geo": {
        "lat": "24.6463",
        "lng": "-168.8889"
      }
    },
    "phone": "(775)976-6794 x41206",
    "website": "conrad.com",
    "company": {
      "name": "Yost and Sons",
      "catchPhrase": "Switchable contextually-based project",
      "bs": "aggregate real-time technologies"
    }
  },
  {
    "id": 10,
    "name": "Clementina DuBuque",
    "username": "Moriah.Stanton",
    "email": "Rey.Padberg@karina.biz",
    "address": {
      "street": "Kattie Turnpike",
      "suite": "Suite 198",
      "city": "Lebsackbury",
      "zipcode": "31428-2261",
      "geo": {
        "lat": "-38.2386",
        "lng": "57.2232"
      }
    },
    "phone": "024-648-3804",
    "website": "ambrose.net",
    "company": {
      "name": "Hoeger LLC",
      "catchPhrase": "Centralized empowering task-force",
      "bs": "target end-to-end models"
    }
  }
]
16:16:16.238 [pool-1-thread-1] INFO  com.intuit.karate - [print] [
  {
    "id": 1,
    "name": "Leanne Graham",
    "username": "Bret",
    "email": "Sincere@april.biz",
    "address": {
      "street": "Kulas Light",
      "suite": "Apt. 556",
      "city": "Gwenborough",
      "zipcode": "92998-3874",
      "geo": {
        "lat": "-37.3159",
        "lng": "81.1496"
      }
    },
    "phone": "1-770-736-8031 x56442",
    "website": "hildegard.org",
    "company": {
      "name": "Romaguera-Crona",
      "catchPhrase": "Multi-layered client-server neural-net",
      "bs": "harness real-time e-markets"
    }
  },
  {
    "id": 2,
    "name": "Ervin Howell",
    "username": "Antonette",
    "email": "Shanna@melissa.tv",
    "address": {
      "street": "Victor Plains",
      "suite": "Suite 879",
      "city": "Wisokyburgh",
      "zipcode": "90566-7771",
      "geo": {
        "lat": "-43.9509",
        "lng": "-34.4618"
      }
    },
    "phone": "010-692-6593 x09125",
    "website": "anastasia.net",
    "company": {
      "name": "Deckow-Crist",
      "catchPhrase": "Proactive didactic contingency",
      "bs": "synergize scalable supply-chains"
    }
  },
  {
    "id": 3,
    "name": "Clementine Bauch",
    "username": "Samantha",
    "email": "Nathan@yesenia.net",
    "address": {
      "street": "Douglas Extension",
      "suite": "Suite 847",
      "city": "McKenziehaven",
      "zipcode": "59590-4157",
      "geo": {
        "lat": "-68.6102",
        "lng": "-47.0653"
      }
    },
    "phone": "1-463-123-4447",
    "website": "ramiro.info",
    "company": {
      "name": "Romaguera-Jacobson",
      "catchPhrase": "Face to face bifurcated interface",
      "bs": "e-enable strategic applications"
    }
  },
  {
    "id": 4,
    "name": "Patricia Lebsack",
    "username": "Karianne",
    "email": "Julianne.OConner@kory.org",
    "address": {
      "street": "Hoeger Mall",
      "suite": "Apt. 692",
      "city": "South Elvis",
      "zipcode": "53919-4257",
      "geo": {
        "lat": "29.4572",
        "lng": "-164.2990"
      }
    },
    "phone": "493-170-9623 x156",
    "website": "kale.biz",
    "company": {
      "name": "Robel-Corkery",
      "catchPhrase": "Multi-tiered zero tolerance productivity",
      "bs": "transition cutting-edge web services"
    }
  },
  {
    "id": 5,
    "name": "Chelsey Dietrich",
    "username": "Kamren",
    "email": "Lucio_Hettinger@annie.ca",
    "address": {
      "street": "Skiles Walks",
      "suite": "Suite 351",
      "city": "Roscoeview",
      "zipcode": "33263",
      "geo": {
        "lat": "-31.8129",
        "lng": "62.5342"
      }
    },
    "phone": "(254)954-1289",
    "website": "demarco.info",
    "company": {
      "name": "Keebler LLC",
      "catchPhrase": "User-centric fault-tolerant solution",
      "bs": "revolutionize end-to-end systems"
    }
  },
  {
    "id": 6,
    "name": "Mrs. Dennis Schulist",
    "username": "Leopoldo_Corkery",
    "email": "Karley_Dach@jasper.info",
    "address": {
      "street": "Norberto Crossing",
      "suite": "Apt. 950",
      "city": "South Christy",
      "zipcode": "23505-1337",
      "geo": {
        "lat": "-71.4197",
        "lng": "71.7478"
      }
    },
    "phone": "1-477-935-8478 x6430",
    "website": "ola.org",
    "company": {
      "name": "Considine-Lockman",
      "catchPhrase": "Synchronised bottom-line interface",
      "bs": "e-enable innovative applications"
    }
  },
  {
    "id": 7,
    "name": "Kurtis Weissnat",
    "username": "Elwyn.Skiles",
    "email": "Telly.Hoeger@billy.biz",
    "address": {
      "street": "Rex Trail",
      "suite": "Suite 280",
      "city": "Howemouth",
      "zipcode": "58804-1099",
      "geo": {
        "lat": "24.8918",
        "lng": "21.8984"
      }
    },
    "phone": "210.067.6132",
    "website": "elvis.io",
    "company": {
      "name": "Johns Group",
      "catchPhrase": "Configurable multimedia task-force",
      "bs": "generate enterprise e-tailers"
    }
  },
  {
    "id": 8,
    "name": "Nicholas Runolfsdottir V",
    "username": "Maxime_Nienow",
    "email": "Sherwood@rosamond.me",
    "address": {
      "street": "Ellsworth Summit",
      "suite": "Suite 729",
      "city": "Aliyaview",
      "zipcode": "45169",
      "geo": {
        "lat": "-14.3990",
        "lng": "-120.7677"
      }
    },
    "phone": "586.493.6943 x140",
    "website": "jacynthe.com",
    "company": {
      "name": "Abernathy Group",
      "catchPhrase": "Implemented secondary concept",
      "bs": "e-enable extensible e-tailers"
    }
  },
  {
    "id": 9,
    "name": "Glenna Reichert",
    "username": "Delphine",
    "email": "Chaim_McDermott@dana.io",
    "address": {
      "street": "Dayna Park",
      "suite": "Suite 449",
      "city": "Bartholomebury",
      "zipcode": "76495-3109",
      "geo": {
        "lat": "24.6463",
        "lng": "-168.8889"
      }
    },
    "phone": "(775)976-6794 x41206",
    "website": "conrad.com",
    "company": {
      "name": "Yost and Sons",
      "catchPhrase": "Switchable contextually-based project",
      "bs": "aggregate real-time technologies"
    }
  },
  {
    "id": 10,
    "name": "Clementina DuBuque",
    "username": "Moriah.Stanton",
    "email": "Rey.Padberg@karina.biz",
    "address": {
      "street": "Kattie Turnpike",
      "suite": "Suite 198",
      "city": "Lebsackbury",
      "zipcode": "31428-2261",
      "geo": {
        "lat": "-38.2386",
        "lng": "57.2232"
      }
    },
    "phone": "024-648-3804",
    "website": "ambrose.net",
    "company": {
      "name": "Hoeger LLC",
      "catchPhrase": "Centralized empowering task-force",
      "bs": "target end-to-end models"
    }
  }
]
 
16:16:16.257 [pool-1-thread-1] INFO  com.intuit.karate - karate.env system property was: null 
16:16:16.265 [pool-1-thread-1] DEBUG com.intuit.karate - request:
1 > GET https://jsonplaceholder.typicode.com/users
1 > Host: jsonplaceholder.typicode.com
1 > Connection: Keep-Alive
1 > User-Agent: Apache-HttpClient/4.5.13 (Java/16.0.2)
1 > Accept-Encoding: gzip,deflate


16:16:16.357 [pool-1-thread-5] DEBUG com.intuit.karate - response time in milliseconds: 485
1 < 201
1 < Date: Thu, 03 Mar 2022 00:16:15 GMT
1 < Content-Type: application/json; charset=utf-8
1 < Content-Length: 215
1 < Connection: keep-alive
1 < X-Powered-By: Express
1 < X-Ratelimit-Limit: 1000
1 < X-Ratelimit-Remaining: 997
1 < X-Ratelimit-Reset: 1646266599
1 < Vary: Origin, X-HTTP-Method-Override, Accept-Encoding
1 < Access-Control-Allow-Credentials: true
1 < Cache-Control: no-cache
1 < Pragma: no-cache
1 < Expires: -1
1 < Access-Control-Expose-Headers: Location
1 < Location: http://jsonplaceholder.typicode.com/users/11
1 < X-Content-Type-Options: nosniff
1 < Etag: W/"d7-ksIvYeWy2g2ix5HVj5eK5SeIm9s"
1 < Via: 1.1 vegur
1 < CF-Cache-Status: DYNAMIC
1 < Expect-CT: max-age=604800, report-uri="https://report-uri.cloudflare.com/cdn-cgi/beacon/expect-ct"
1 < Report-To: {"endpoints":[{"url":"https:\/\/a.nel.cloudflare.com\/report\/v3?s=yNcXYXk6kh7caa%2B9oL%2FDrukCbbAB3cUdv6RAowN%2Ff%2FMtTmSC%2BMVbRpvSu0tmEhH52Li1UvWJoc%2B%2FOi7o84hWWKL9g09edhJYYVNp0G0jPQpc9WfP4B7dOySZWGYyH9rTSndTqbMI01vnFkHfWKzW"}],"group":"cf-nel","max_age":604800}
1 < NEL: {"success_fraction":0,"report_to":"cf-nel","max_age":604800}
1 < Server: cloudflare
1 < CF-RAY: 6e5e2eb06f8d7d23-LAX
1 < alt-svc: h3=":443"; ma=86400, h3-29=":443"; ma=86400
{
  "name": "ghafoori",
  "username": "ghafoori004",
  "email": "ghafoori@gmail.com",
  "address": {
    "street": "400east",
    "suite": "321",
    "city": "Roseville",
    "zipcode": "<zipcode>"
  },
  "id": 11
}
16:16:16.363 [pool-1-thread-3] DEBUG com.intuit.karate - response time in milliseconds: 489
1 < 201
1 < Date: Thu, 03 Mar 2022 00:16:15 GMT
1 < Content-Type: application/json; charset=utf-8
1 < Content-Length: 204
1 < Connection: keep-alive
1 < X-Powered-By: Express
1 < X-Ratelimit-Limit: 1000
1 < X-Ratelimit-Remaining: 999
1 < X-Ratelimit-Reset: 1646266599
1 < Vary: Origin, X-HTTP-Method-Override, Accept-Encoding
1 < Access-Control-Allow-Credentials: true
1 < Cache-Control: no-cache
1 < Pragma: no-cache
1 < Expires: -1
1 < Access-Control-Expose-Headers: Location
1 < Location: http://jsonplaceholder.typicode.com/users/11
1 < X-Content-Type-Options: nosniff
1 < Etag: W/"cc-SCS6Vr2bTUfO0nDoJwKhsj04vHI"
1 < Via: 1.1 vegur
1 < CF-Cache-Status: DYNAMIC
1 < Expect-CT: max-age=604800, report-uri="https://report-uri.cloudflare.com/cdn-cgi/beacon/expect-ct"
1 < Report-To: {"endpoints":[{"url":"https:\/\/a.nel.cloudflare.com\/report\/v3?s=H3fXmFc1WnseF927OYz0ZVbfV4z19ZdbqOaXqsXakz3F%2FpAGKNnkDXLj93ffwyf4QCJh7gLp7Ocy3PhPD7yxfVnZazXgoDS2yMISFfp9ed9JBE7PkYfICx4%2BSA02DqoU7uy5C3Hfrme2S%2FtpJ5%2BK"}],"group":"cf-nel","max_age":604800}
1 < NEL: {"success_fraction":0,"report_to":"cf-nel","max_age":604800}
1 < Server: cloudflare
1 < CF-RAY: 6e5e2eb06cbb7db8-LAX
1 < alt-svc: h3=":443"; ma=86400, h3-29=":443"; ma=86400
{
  "name": "ahmad",
  "username": "ahmad001",
  "email": "ahmad@gmail.com",
  "address": {
    "street": "200west",
    "suite": "123",
    "city": "westSca",
    "zipcode": "<zipcode>"
  },
  "id": 11
}
16:16:16.363 [pool-1-thread-5] INFO  com.intuit.karate - [print] {
  "name": "ghafoori",
  "username": "ghafoori004",
  "email": "ghafoori@gmail.com",
  "address": {
    "street": "400east",
    "suite": "321",
    "city": "Roseville",
    "zipcode": "<zipcode>"
  },
  "id": 11
}
 
16:16:16.367 [pool-1-thread-3] INFO  com.intuit.karate - [print] {
  "name": "ahmad",
  "username": "ahmad001",
  "email": "ahmad@gmail.com",
  "address": {
    "street": "200west",
    "suite": "123",
    "city": "westSca",
    "zipcode": "<zipcode>"
  },
  "id": 11
}
 
16:16:16.376 [pool-1-thread-4] DEBUG com.intuit.karate - response time in milliseconds: 504
1 < 201
1 < Date: Thu, 03 Mar 2022 00:16:15 GMT
1 < Content-Type: application/json; charset=utf-8
1 < Content-Length: 210
1 < Connection: keep-alive
1 < X-Powered-By: Express
1 < X-Ratelimit-Limit: 1000
1 < X-Ratelimit-Remaining: 998
1 < X-Ratelimit-Reset: 1646266599
1 < Vary: Origin, X-HTTP-Method-Override, Accept-Encoding
1 < Access-Control-Allow-Credentials: true
1 < Cache-Control: no-cache
1 < Pragma: no-cache
1 < Expires: -1
1 < Access-Control-Expose-Headers: Location
1 < Location: http://jsonplaceholder.typicode.com/users/11
1 < X-Content-Type-Options: nosniff
1 < Etag: W/"d2-OD4iSzl90q4LfeSxcpNfugbyByE"
1 < Via: 1.1 vegur
1 < CF-Cache-Status: DYNAMIC
1 < Expect-CT: max-age=604800, report-uri="https://report-uri.cloudflare.com/cdn-cgi/beacon/expect-ct"
1 < Report-To: {"endpoints":[{"url":"https:\/\/a.nel.cloudflare.com\/report\/v3?s=QLIb8xbXU%2FBGVsZse92HsZJ7guuVswn7t%2FS4Og7hyMmzsfqEdLnhjWBGr1z8h0fxwmMAUCgMdWxBIxgLZyf%2FoLTd1K%2FoJkgrzdB7KGV8tMltuyXQCkSPn8s5sJILCZ%2FOw3wxFfOxswqkIKBGVIn3"}],"group":"cf-nel","max_age":604800}
1 < NEL: {"success_fraction":0,"report_to":"cf-nel","max_age":604800}
1 < Server: cloudflare
1 < CF-RAY: 6e5e2eb06e737eb7-LAX
1 < alt-svc: h3=":443"; ma=86400, h3-29=":443"; ma=86400
{
  "name": "farhad",
  "username": "farhad002",
  "email": "farhad@gmail.com",
  "address": {
    "street": "300east",
    "suite": "456",
    "city": "sacramento",
    "zipcode": "<zipcode>"
  },
  "id": 11
}
16:16:16.378 [pool-1-thread-2] DEBUG com.intuit.karate - response time in milliseconds: 505
1 < 201
1 < Date: Thu, 03 Mar 2022 00:16:15 GMT
1 < Content-Type: application/json; charset=utf-8
1 < Content-Length: 220
1 < Connection: keep-alive
1 < X-Powered-By: Express
1 < X-Ratelimit-Limit: 1000
1 < X-Ratelimit-Remaining: 996
1 < X-Ratelimit-Reset: 1646266599
1 < Vary: Origin, X-HTTP-Method-Override, Accept-Encoding
1 < Access-Control-Allow-Credentials: true
1 < Cache-Control: no-cache
1 < Pragma: no-cache
1 < Expires: -1
1 < Access-Control-Expose-Headers: Location
1 < Location: http://jsonplaceholder.typicode.com/users/11
1 < X-Content-Type-Options: nosniff
1 < Etag: W/"dc-TXeL6L0YL67eEYaCXCRauaXF3Cc"
1 < Via: 1.1 vegur
1 < CF-Cache-Status: DYNAMIC
1 < Expect-CT: max-age=604800, report-uri="https://report-uri.cloudflare.com/cdn-cgi/beacon/expect-ct"
1 < Report-To: {"endpoints":[{"url":"https:\/\/a.nel.cloudflare.com\/report\/v3?s=VrF%2B2FJdGZo3%2FriQiVkTb4Sn6%2FeJBWdQ85PZvI3EGOq3TgTGFQI1vL56sKtplTUCdSpnhx2BHq5y5qVB76idwrzv%2F3cTiPrdCoOsPFAOvbUC8B3qPER%2Ff32CjxguN6vXjO8ytBkT5%2BxK9QjsHc4j"}],"group":"cf-nel","max_age":604800}
1 < NEL: {"success_fraction":0,"report_to":"cf-nel","max_age":604800}
1 < Server: cloudflare
1 < CF-RAY: 6e5e2eb06cbd7db8-LAX
1 < alt-svc: h3=":443"; ma=86400, h3-29=":443"; ma=86400
{
  "name": "James Bond",
  "username": "bond007",
  "email": "jaes.bond@gmail.com",
  "address": {
    "street": "001 main street",
    "suite": "Apt. 200",
    "city": "London",
    "zipcode": "95691"
  },
  "id": 11
}
16:16:16.380 [pool-1-thread-4] INFO  com.intuit.karate - [print] {
  "name": "farhad",
  "username": "farhad002",
  "email": "farhad@gmail.com",
  "address": {
    "street": "300east",
    "suite": "456",
    "city": "sacramento",
    "zipcode": "<zipcode>"
  },
  "id": 11
}
 
16:16:16.383 [pool-1-thread-2] INFO  com.intuit.karate - [print] {
  "name": "James Bond",
  "username": "bond007",
  "email": "jaes.bond@gmail.com",
  "address": {
    "street": "001 main street",
    "suite": "Apt. 200",
    "city": "London",
    "zipcode": "95691"
  },
  "id": 11
}
 
16:16:16.394 [pool-1-thread-5] ERROR com.intuit.karate - classpath:examples/users/mynewOne.feature:76
* match response.name == 'James Bond'
match failed: EQUALS
  $ | not equal (STRING:STRING)
  'ghafoori'
  'James Bond'

classpath:examples/users/mynewOne.feature:76
16:16:16.395 [pool-1-thread-4] ERROR com.intuit.karate - classpath:examples/users/mynewOne.feature:76
* match response.name == 'James Bond'
match failed: EQUALS
  $ | not equal (STRING:STRING)
  'farhad'
  'James Bond'

classpath:examples/users/mynewOne.feature:76
16:16:16.396 [pool-1-thread-3] ERROR com.intuit.karate - classpath:examples/users/mynewOne.feature:76
* match response.name == 'James Bond'
match failed: EQUALS
  $ | not equal (STRING:STRING)
  'ahmad'
  'James Bond'

classpath:examples/users/mynewOne.feature:76
16:16:16.412 [pool-1-thread-5] INFO  com.intuit.karate - karate.env system property was: null 
16:16:16.423 [pool-1-thread-5] DEBUG com.intuit.karate - request:
1 > POST https://jsonplaceholder.typicode.com/users
1 > Content-Type: application/json; charset=UTF-8
1 > Content-Length: 160
1 > Host: jsonplaceholder.typicode.com
1 > Connection: Keep-Alive
1 > User-Agent: Apache-HttpClient/4.5.13 (Java/16.0.2)
1 > Accept-Encoding: gzip,deflate
{"name":"Test User","username":"testuser","email":"test@user.com","address":{"street":"Has No Name","suite":"Apt. 123","city":"Electri","zipcode":"54321-6789"}}

16:16:16.434 [pool-1-thread-1] DEBUG com.intuit.karate - response time in milliseconds: 168
1 < 200
1 < Date: Thu, 03 Mar 2022 00:16:15 GMT
1 < Content-Type: application/json; charset=utf-8
1 < Transfer-Encoding: chunked
1 < Connection: keep-alive
1 < x-powered-by: Express
1 < x-ratelimit-limit: 1000
1 < x-ratelimit-remaining: 999
1 < x-ratelimit-reset: 1637172972
1 < vary: Origin, Accept-Encoding
1 < access-control-allow-credentials: true
1 < cache-control: max-age=43200
1 < pragma: no-cache
1 < expires: -1
1 < x-content-type-options: nosniff
1 < etag: W/"160d-1eMSsxeJRfnVLRBmYJSbCiJZ1qQ"
1 < via: 1.1 vegur
1 < CF-Cache-Status: HIT
1 < Age: 25503
1 < Expect-CT: max-age=604800, report-uri="https://report-uri.cloudflare.com/cdn-cgi/beacon/expect-ct"
1 < Report-To: {"endpoints":[{"url":"https:\/\/a.nel.cloudflare.com\/report\/v3?s=Isps7QxukJ%2BXLldglftipYtj%2BpZ%2FQsvESPsNEgYaoZ3FdpGC1eVc66RCmxpIqwCFIuTPeffDPc7iu7Evm05QmIGBMmx5PhD1fMpIQNZ3GO9jnAaiMIYgfr5QdKHext1akF4GWjA67vj3RwyWIJ0s"}],"group":"cf-nel","max_age":604800}
1 < NEL: {"success_fraction":0,"report_to":"cf-nel","max_age":604800}
1 < Server: cloudflare
1 < CF-RAY: 6e5e2eb189ad7d43-LAX
1 < alt-svc: h3=":443"; ma=86400, h3-29=":443"; ma=86400
[
  {
    "id": 1,
    "name": "Leanne Graham",
    "username": "Bret",
    "email": "Sincere@april.biz",
    "address": {
      "street": "Kulas Light",
      "suite": "Apt. 556",
      "city": "Gwenborough",
      "zipcode": "92998-3874",
      "geo": {
        "lat": "-37.3159",
        "lng": "81.1496"
      }
    },
    "phone": "1-770-736-8031 x56442",
    "website": "hildegard.org",
    "company": {
      "name": "Romaguera-Crona",
      "catchPhrase": "Multi-layered client-server neural-net",
      "bs": "harness real-time e-markets"
    }
  },
  {
    "id": 2,
    "name": "Ervin Howell",
    "username": "Antonette",
    "email": "Shanna@melissa.tv",
    "address": {
      "street": "Victor Plains",
      "suite": "Suite 879",
      "city": "Wisokyburgh",
      "zipcode": "90566-7771",
      "geo": {
        "lat": "-43.9509",
        "lng": "-34.4618"
      }
    },
    "phone": "010-692-6593 x09125",
    "website": "anastasia.net",
    "company": {
      "name": "Deckow-Crist",
      "catchPhrase": "Proactive didactic contingency",
      "bs": "synergize scalable supply-chains"
    }
  },
  {
    "id": 3,
    "name": "Clementine Bauch",
    "username": "Samantha",
    "email": "Nathan@yesenia.net",
    "address": {
      "street": "Douglas Extension",
      "suite": "Suite 847",
      "city": "McKenziehaven",
      "zipcode": "59590-4157",
      "geo": {
        "lat": "-68.6102",
        "lng": "-47.0653"
      }
    },
    "phone": "1-463-123-4447",
    "website": "ramiro.info",
    "company": {
      "name": "Romaguera-Jacobson",
      "catchPhrase": "Face to face bifurcated interface",
      "bs": "e-enable strategic applications"
    }
  },
  {
    "id": 4,
    "name": "Patricia Lebsack",
    "username": "Karianne",
    "email": "Julianne.OConner@kory.org",
    "address": {
      "street": "Hoeger Mall",
      "suite": "Apt. 692",
      "city": "South Elvis",
      "zipcode": "53919-4257",
      "geo": {
        "lat": "29.4572",
        "lng": "-164.2990"
      }
    },
    "phone": "493-170-9623 x156",
    "website": "kale.biz",
    "company": {
      "name": "Robel-Corkery",
      "catchPhrase": "Multi-tiered zero tolerance productivity",
      "bs": "transition cutting-edge web services"
    }
  },
  {
    "id": 5,
    "name": "Chelsey Dietrich",
    "username": "Kamren",
    "email": "Lucio_Hettinger@annie.ca",
    "address": {
      "street": "Skiles Walks",
      "suite": "Suite 351",
      "city": "Roscoeview",
      "zipcode": "33263",
      "geo": {
        "lat": "-31.8129",
        "lng": "62.5342"
      }
    },
    "phone": "(254)954-1289",
    "website": "demarco.info",
    "company": {
      "name": "Keebler LLC",
      "catchPhrase": "User-centric fault-tolerant solution",
      "bs": "revolutionize end-to-end systems"
    }
  },
  {
    "id": 6,
    "name": "Mrs. Dennis Schulist",
    "username": "Leopoldo_Corkery",
    "email": "Karley_Dach@jasper.info",
    "address": {
      "street": "Norberto Crossing",
      "suite": "Apt. 950",
      "city": "South Christy",
      "zipcode": "23505-1337",
      "geo": {
        "lat": "-71.4197",
        "lng": "71.7478"
      }
    },
    "phone": "1-477-935-8478 x6430",
    "website": "ola.org",
    "company": {
      "name": "Considine-Lockman",
      "catchPhrase": "Synchronised bottom-line interface",
      "bs": "e-enable innovative applications"
    }
  },
  {
    "id": 7,
    "name": "Kurtis Weissnat",
    "username": "Elwyn.Skiles",
    "email": "Telly.Hoeger@billy.biz",
    "address": {
      "street": "Rex Trail",
      "suite": "Suite 280",
      "city": "Howemouth",
      "zipcode": "58804-1099",
      "geo": {
        "lat": "24.8918",
        "lng": "21.8984"
      }
    },
    "phone": "210.067.6132",
    "website": "elvis.io",
    "company": {
      "name": "Johns Group",
      "catchPhrase": "Configurable multimedia task-force",
      "bs": "generate enterprise e-tailers"
    }
  },
  {
    "id": 8,
    "name": "Nicholas Runolfsdottir V",
    "username": "Maxime_Nienow",
    "email": "Sherwood@rosamond.me",
    "address": {
      "street": "Ellsworth Summit",
      "suite": "Suite 729",
      "city": "Aliyaview",
      "zipcode": "45169",
      "geo": {
        "lat": "-14.3990",
        "lng": "-120.7677"
      }
    },
    "phone": "586.493.6943 x140",
    "website": "jacynthe.com",
    "company": {
      "name": "Abernathy Group",
      "catchPhrase": "Implemented secondary concept",
      "bs": "e-enable extensible e-tailers"
    }
  },
  {
    "id": 9,
    "name": "Glenna Reichert",
    "username": "Delphine",
    "email": "Chaim_McDermott@dana.io",
    "address": {
      "street": "Dayna Park",
      "suite": "Suite 449",
      "city": "Bartholomebury",
      "zipcode": "76495-3109",
      "geo": {
        "lat": "24.6463",
        "lng": "-168.8889"
      }
    },
    "phone": "(775)976-6794 x41206",
    "website": "conrad.com",
    "company": {
      "name": "Yost and Sons",
      "catchPhrase": "Switchable contextually-based project",
      "bs": "aggregate real-time technologies"
    }
  },
  {
    "id": 10,
    "name": "Clementina DuBuque",
    "username": "Moriah.Stanton",
    "email": "Rey.Padberg@karina.biz",
    "address": {
      "street": "Kattie Turnpike",
      "suite": "Suite 198",
      "city": "Lebsackbury",
      "zipcode": "31428-2261",
      "geo": {
        "lat": "-38.2386",
        "lng": "57.2232"
      }
    },
    "phone": "024-648-3804",
    "website": "ambrose.net",
    "company": {
      "name": "Hoeger LLC",
      "catchPhrase": "Centralized empowering task-force",
      "bs": "target end-to-end models"
    }
  }
]
16:16:16.466 [pool-1-thread-2] ERROR com.intuit.karate - classpath:examples/users/mynewOne.feature:51
* match zipocde =='#string'
js failed:
>>>>
01: zipocde
<<<<
org.graalvm.polyglot.PolyglotException: ReferenceError: "zipocde" is not defined
- <js>.:program(Unnamed:1)

classpath:examples/users/mynewOne.feature:51
16:16:16.479 [pool-1-thread-1] DEBUG com.intuit.karate - request:
2 > GET https://jsonplaceholder.typicode.com/users/1
2 > Host: jsonplaceholder.typicode.com
2 > Connection: Keep-Alive
2 > User-Agent: Apache-HttpClient/4.5.13 (Java/16.0.2)
2 > Accept-Encoding: gzip,deflate


16:16:16.649 [pool-1-thread-1] DEBUG com.intuit.karate - response time in milliseconds: 170
2 < 200
2 < Date: Thu, 03 Mar 2022 00:16:15 GMT
2 < Content-Type: application/json; charset=utf-8
2 < Transfer-Encoding: chunked
2 < Connection: keep-alive
2 < x-powered-by: Express
2 < x-ratelimit-limit: 1000
2 < x-ratelimit-remaining: 999
2 < x-ratelimit-reset: 1638397181
2 < vary: Origin, Accept-Encoding
2 < access-control-allow-credentials: true
2 < cache-control: max-age=43200
2 < pragma: no-cache
2 < expires: -1
2 < x-content-type-options: nosniff
2 < etag: W/"1fd-+2Y3G3w049iSZtw5t1mzSnunngE"
2 < via: 1.1 vegur
2 < CF-Cache-Status: HIT
2 < Age: 7074
2 < Expect-CT: max-age=604800, report-uri="https://report-uri.cloudflare.com/cdn-cgi/beacon/expect-ct"
2 < Report-To: {"endpoints":[{"url":"https:\/\/a.nel.cloudflare.com\/report\/v3?s=j1icrgOHjazPrfezlU3aayWOOIuSzYUdT1ClhpQ56OibV9w5MCU5%2Brw5Fbu4sZFEq7CcC5Dzj6E4jPeqx5nq7eWICttA1fl5PfFfLtxjmWcb6gWFBYKcYHOif7fVVbarsQpeQzzGdwqSoOWM%2F%2Bce"}],"group":"cf-nel","max_age":604800}
2 < NEL: {"success_fraction":0,"report_to":"cf-nel","max_age":604800}
2 < Server: cloudflare
2 < CF-RAY: 6e5e2eb2fe607d12-LAX
2 < alt-svc: h3=":443"; ma=86400, h3-29=":443"; ma=86400
{
  "id": 1,
  "name": "Leanne Graham",
  "username": "Bret",
  "email": "Sincere@april.biz",
  "address": {
    "street": "Kulas Light",
    "suite": "Apt. 556",
    "city": "Gwenborough",
    "zipcode": "92998-3874",
    "geo": {
      "lat": "-37.3159",
      "lng": "81.1496"
    }
  },
  "phone": "1-770-736-8031 x56442",
  "website": "hildegard.org",
  "company": {
    "name": "Romaguera-Crona",
    "catchPhrase": "Multi-layered client-server neural-net",
    "bs": "harness real-time e-markets"
  }
}
16:16:16.754 [pool-1-thread-5] DEBUG com.intuit.karate - response time in milliseconds: 331
1 < 201
1 < Date: Thu, 03 Mar 2022 00:16:15 GMT
1 < Content-Type: application/json; charset=utf-8
1 < Content-Length: 216
1 < Connection: keep-alive
1 < X-Powered-By: Express
1 < X-Ratelimit-Limit: 1000
1 < X-Ratelimit-Remaining: 995
1 < X-Ratelimit-Reset: 1646266599
1 < Vary: Origin, X-HTTP-Method-Override, Accept-Encoding
1 < Access-Control-Allow-Credentials: true
1 < Cache-Control: no-cache
1 < Pragma: no-cache
1 < Expires: -1
1 < Access-Control-Expose-Headers: Location
1 < Location: http://jsonplaceholder.typicode.com/users/11
1 < X-Content-Type-Options: nosniff
1 < Etag: W/"d8-pYV7+YuMGP2hxHPU9ARrf97ifDA"
1 < Via: 1.1 vegur
1 < CF-Cache-Status: DYNAMIC
1 < Expect-CT: max-age=604800, report-uri="https://report-uri.cloudflare.com/cdn-cgi/beacon/expect-ct"
1 < Report-To: {"endpoints":[{"url":"https:\/\/a.nel.cloudflare.com\/report\/v3?s=Rb2KgEzGAV5ARVquW7gGcsxg71y%2BWmzp4C39J1nHjGtommn6JCrPHi2pkpvpwRxjbwyDfbysJ%2BdiO2fkWzGXqerZm4x1JiQNEor13pC77iNFr6g47jJHjpzANU1%2BAgLNRbArH2cyZwoqNkPc8A%2B8"}],"group":"cf-nel","max_age":604800}
1 < NEL: {"success_fraction":0,"report_to":"cf-nel","max_age":604800}
1 < Server: cloudflare
1 < CF-RAY: 6e5e2eb2cb3d7c67-LAX
1 < alt-svc: h3=":443"; ma=86400, h3-29=":443"; ma=86400
{
  "name": "Test User",
  "username": "testuser",
  "email": "test@user.com",
  "address": {
    "street": "Has No Name",
    "suite": "Apt. 123",
    "city": "Electri",
    "zipcode": "54321-6789"
  },
  "id": 11
}
16:16:16.763 [pool-1-thread-5] INFO  com.intuit.karate - [print] created id is:  11 
---------------------------------------------------------
feature: classpath:examples/users/mynewOne.feature
scenarios:  5 | passed:  1 | failed:  4 | time: 4.3505
---------------------------------------------------------

16:16:17.470 [pool-2-thread-1] INFO  com.intuit.karate.Suite - <<fail>> feature 1 of 2 (1 remaining) classpath:examples/users/mynewOne.feature
---------------------------------------------------------
feature: classpath:examples/users/users.feature
scenarios:  2 | passed:  2 | failed:  0 | time: 0.7366
---------------------------------------------------------

16:16:17.602 [pool-2-thread-1] INFO  com.intuit.karate.Suite - <<pass>> feature 2 of 2 (0 remaining) classpath:examples/users/users.feature
Karate version: 1.1.0
======================================================
elapsed:   3.88 | threads:    5 | thread time: 5.09 
features:     2 | skipped:    0 | efficiency: 0.26
scenarios:    7 | passed:     3 | failed: 4
======================================================
>>> failed features:
js failed:
>>>>
01: zipocde
<<<<
org.graalvm.polyglot.PolyglotException: ReferenceError: "zipocde" is not defined
- <js>.:program(Unnamed:1)

classpath:examples/users/mynewOne.feature:51
match failed: EQUALS
  $ | not equal (STRING:STRING)
  'ahmad'
  'James Bond'

classpath:examples/users/mynewOne.feature:76
match failed: EQUALS
  $ | not equal (STRING:STRING)
  'farhad'
  'James Bond'

classpath:examples/users/mynewOne.feature:76
match failed: EQUALS
  $ | not equal (STRING:STRING)
  'ghafoori'
  'James Bond'

classpath:examples/users/mynewOne.feature:76
<<<

HTML report: (paste into browser to view) | Karate version: 1.1.0
file:///D:/Bootcomp/Java/work%20space%20for%20java%20projet/com.ahmad/target/karate-reports/karate-summary.html
===================================================================

]]></system-out>
  </testcase>
</testsuite>